2025-08-19 22:22:39.078 [main] INFO  org.testng.internal.Utils - [TestNG] Running:
  C:\Users\kavci\AppData\Local\JetBrains\IdeaIC2025.1\temp-testng-customsuite.xml

2025-08-19 22:22:39.114 [main] INFO  sabah.com.base.BaseTest - === Test Suite Basliyor ===
2025-08-19 22:22:39.161 [main] INFO  sabah.com.config.ConfigReader - Konfigurasyon basariyla yuklendi: src/main/resources/config.properties
2025-08-19 22:22:39.161 [main] INFO  sabah.com.base.BaseTest - Test Ortami: production
2025-08-19 22:22:39.161 [main] INFO  sabah.com.base.BaseTest - Base URL: https://www.sabah.com.tr/
2025-08-19 22:22:39.161 [main] INFO  sabah.com.base.BaseTest - Browser: chrome
2025-08-19 22:22:39.161 [main] INFO  sabah.com.base.BaseTest - Headless: true
2025-08-19 22:22:39.195 [main] INFO  sabah.com.base.BaseTest - Test Class basliyor: HomePageTest
2025-08-19 22:22:39.212 [main] INFO  sabah.com.base.BaseTest - Test metodu basliyor...
2025-08-19 22:22:40.744 [main] INFO  i.g.bonigarcia.wdm.WebDriverManager - Using chromedriver 139.0.7258.68 (resolved driver for Chrome 139)
2025-08-19 22:22:40.795 [main] INFO  i.g.bonigarcia.wdm.WebDriverManager - Exporting webdriver.chrome.driver as C:\Users\kavci\.cache\selenium\chromedriver\win64\139.0.7258.68\chromedriver.exe
2025-08-19 22:22:42.828 [main] INFO  sabah.com.utils.BrowserManager - Chrome browser baslatildi
2025-08-19 22:22:42.843 [main] INFO  sabah.com.utils.BrowserManager - Browser basariyla baslatildi: chrome
2025-08-19 22:22:42.843 [main] INFO  sabah.com.utils.BrowserManager - Ana sayfaya gidiliyor: https://www.sabah.com.tr/
2025-08-19 22:22:46.891 [main] INFO  sabah.com.utils.BrowserManager - Sayfa tamamen yüklendi
2025-08-19 22:22:46.891 [main] INFO  sabah.com.base.BaseTest - Sayfa yukleme kontrolu yapiliyor...
2025-08-19 22:22:46.901 [main] INFO  sabah.com.base.BaseTest - Sayfa basligi: Sabah - Haberler, Son Dakika Haber, Güncel ve Gazete Haberleri
2025-08-19 22:22:46.911 [main] INFO  sabah.com.base.BaseTest - Mevcut URL: https://www.sabah.com.tr/
2025-08-19 22:22:46.911 [main] INFO  sabah.com.base.BaseTest - Sayfa basariyla yuklendi
2025-08-19 22:22:46.912 [main] INFO  sabah.com.base.BaseTest - Test hazirliklari tamamlandi
2025-08-19 22:22:47.034 [main] INFO  sabah.com.base.BaseTest - Ana sayfa yukleme testi basliyor...
2025-08-19 22:22:47.039 [main] DEBUG sabah.com.base.BasePage - BasePage oluşturuldu: HomePage
2025-08-19 22:22:47.042 [main] DEBUG sabah.com.base.BasePage - BasePage oluşturuldu: HeaderComponent
2025-08-19 22:22:47.043 [main] INFO  sabah.com.base.BasePage - HeaderComponent oluşturuldu
2025-08-19 22:22:47.043 [main] INFO  sabah.com.base.BasePage - HomePage oluşturuldu
2025-08-19 22:22:47.043 [main] INFO  sabah.com.base.BasePage - Ana sayfa yükleme kontrolü başlıyor...
2025-08-19 22:22:47.043 [main] DEBUG sabah.com.base.BasePage - Ek bekleme süresi: 3000ms
2025-08-19 22:22:47.043 [main] DEBUG sabah.com.base.BasePage - Bekleniyor: 3000ms
2025-08-19 22:22:50.065 [main] DEBUG sabah.com.base.BasePage - Sayfa başlığı: Sabah - Haberler, Son Dakika Haber, Güncel ve Gazete Haberleri
2025-08-19 22:22:50.065 [main] INFO  sabah.com.base.BasePage - Sayfa başlığı: Sabah - Haberler, Son Dakika Haber, Güncel ve Gazete Haberleri
2025-08-19 22:22:50.077 [main] DEBUG sabah.com.base.BasePage - Mevcut URL: https://www.sabah.com.tr/
2025-08-19 22:22:50.077 [main] INFO  sabah.com.base.BasePage - Mevcut URL: https://www.sabah.com.tr/
2025-08-19 22:22:50.077 [main] DEBUG sabah.com.base.BasePage - Header yükleme kontrolü başlıyor...
2025-08-19 22:22:50.077 [main] DEBUG sabah.com.base.BasePage - Header yükleme kontrolü başlıyor...
2025-08-19 22:22:50.167 [main] INFO  sabah.com.base.BasePage - Header başarıyla yüklendi
2025-08-19 22:22:50.167 [main] DEBUG sabah.com.base.BasePage - Haber linkleri kontrol ediliyor...
2025-08-19 22:22:50.188 [main] DEBUG sabah.com.base.BasePage - Element sayısı: By.cssSelector: a[href*='/haber'], a[href*='/gundem'], a[href*='/ekonomi'] -> 82
2025-08-19 22:22:50.189 [main] INFO  sabah.com.base.BasePage - Bulunan haber link sayısı: 82
2025-08-19 22:22:50.189 [main] INFO  sabah.com.base.BasePage - Ana sayfa başarıyla yüklendi
2025-08-19 22:22:50.198 [main] DEBUG sabah.com.base.BasePage - Sayfa başlığı: Sabah - Haberler, Son Dakika Haber, Güncel ve Gazete Haberleri
2025-08-19 22:22:50.198 [main] INFO  sabah.com.base.BasePage - Beklenen başlık: SABAH, Gerçek başlık: Sabah - Haberler, Son Dakika Haber, Güncel ve Gazete Haberleri
2025-08-19 22:22:50.198 [main] INFO  sabah.com.base.BasePage - Başlık doğrulama sonucu: false
2025-08-19 22:22:50.224 [main] ERROR sabah.com.base.BaseTest - ✗ Test BASARISIZ: testHomePageLoading
2025-08-19 22:22:50.225 [main] ERROR sabah.com.base.BaseTest - Hata: 
java.lang.AssertionError: Sayfa basligi beklenen degeri icermiyor! expected [true] but found [false]
	at org.testng.Assert.fail(Assert.java:111)
	at org.testng.Assert.failNotEquals(Assert.java:1578)
	at org.testng.Assert.assertTrue(Assert.java:57)
	at sabah.com.tests.HomePageTest.testHomePageLoading(HomePageTest.java:35)
	at java.base/jdk.internal.reflect.DirectMethodHandleAccessor.invoke(DirectMethodHandleAccessor.java:103)
	at java.base/java.lang.reflect.Method.invoke(Method.java:580)
	at org.testng.internal.invokers.MethodInvocationHelper.invokeMethod(MethodInvocationHelper.java:139)
	at org.testng.internal.invokers.TestInvoker.invokeMethod(TestInvoker.java:664)
	at org.testng.internal.invokers.TestInvoker.invokeTestMethod(TestInvoker.java:228)
	at org.testng.internal.invokers.MethodRunner.runInSequence(MethodRunner.java:63)
	at org.testng.internal.invokers.TestInvoker$MethodInvocationAgent.invoke(TestInvoker.java:961)
	at org.testng.internal.invokers.TestInvoker.invokeTestMethods(TestInvoker.java:201)
	at org.testng.internal.invokers.TestMethodWorker.invokeTestMethods(TestMethodWorker.java:148)
	at org.testng.internal.invokers.TestMethodWorker.run(TestMethodWorker.java:128)
	at java.base/java.util.ArrayList.forEach(ArrayList.java:1596)
	at org.testng.TestRunner.privateRun(TestRunner.java:819)
	at org.testng.TestRunner.run(TestRunner.java:619)
	at org.testng.SuiteRunner.runTest(SuiteRunner.java:443)
	at org.testng.SuiteRunner.runSequentially(SuiteRunner.java:437)
	at org.testng.SuiteRunner.privateRun(SuiteRunner.java:397)
	at org.testng.SuiteRunner.run(SuiteRunner.java:336)
	at org.testng.SuiteRunnerWorker.runSuite(SuiteRunnerWorker.java:52)
	at org.testng.SuiteRunnerWorker.run(SuiteRunnerWorker.java:95)
	at org.testng.TestNG.runSuitesSequentially(TestNG.java:1301)
	at org.testng.TestNG.runSuitesLocally(TestNG.java:1228)
	at org.testng.TestNG.runSuites(TestNG.java:1134)
	at org.testng.TestNG.run(TestNG.java:1101)
	at com.intellij.rt.testng.IDEARemoteTestNG.run(IDEARemoteTestNG.java:65)
	at com.intellij.rt.testng.RemoteTestNGStarter.main(RemoteTestNGStarter.java:105)
2025-08-19 22:22:50.434 [main] INFO  sabah.com.base.BaseTest - Hata ekran görüntüsü alındı: testHomePageLoading
2025-08-19 22:22:50.602 [main] INFO  sabah.com.utils.BrowserManager - Ekran görüntüsü kaydedildi: target/screenshots\HATA_testHomePageLoading_20250819_222250.png
2025-08-19 22:22:50.603 [main] INFO  sabah.com.base.BaseTest - Test süresi: 3217 ms
2025-08-19 22:22:51.508 [main] INFO  sabah.com.utils.BrowserManager - Browser başarıyla kapatıldı
2025-08-19 22:22:51.508 [main] INFO  sabah.com.base.BaseTest - Browser kapatıldı
2025-08-19 22:22:51.508 [main] INFO  sabah.com.base.BaseTest - Test Class tamamlandı: HomePageTest
2025-08-19 22:22:51.524 [main] INFO  sabah.com.base.BaseTest - === Test Suite Tamamlandı ===
2025-08-19 22:23:37.091 [main] INFO  org.testng.internal.Utils - [TestNG] Running:
  C:\Users\kavci\AppData\Local\JetBrains\IdeaIC2025.1\temp-testng-customsuite.xml

2025-08-19 22:23:37.125 [main] INFO  sabah.com.base.BaseTest - === Test Suite Basliyor ===
2025-08-19 22:23:37.159 [main] INFO  sabah.com.config.ConfigReader - Konfigurasyon basariyla yuklendi: src/main/resources/config.properties
2025-08-19 22:23:37.159 [main] INFO  sabah.com.base.BaseTest - Test Ortami: production
2025-08-19 22:23:37.159 [main] INFO  sabah.com.base.BaseTest - Base URL: https://www.sabah.com.tr/
2025-08-19 22:23:37.159 [main] INFO  sabah.com.base.BaseTest - Browser: chrome
2025-08-19 22:23:37.159 [main] INFO  sabah.com.base.BaseTest - Headless: true
2025-08-19 22:23:37.192 [main] INFO  sabah.com.base.BaseTest - Test Class basliyor: HomePageTest
2025-08-19 22:23:37.209 [main] INFO  sabah.com.base.BaseTest - Test metodu basliyor...
2025-08-19 22:23:37.658 [main] INFO  i.g.bonigarcia.wdm.WebDriverManager - Using chromedriver 139.0.7258.68 (resolved driver for Chrome 139)
2025-08-19 22:23:37.692 [main] INFO  i.g.bonigarcia.wdm.WebDriverManager - Exporting webdriver.chrome.driver as C:\Users\kavci\.cache\selenium\chromedriver\win64\139.0.7258.68\chromedriver.exe
2025-08-19 22:23:39.420 [main] INFO  sabah.com.utils.BrowserManager - Chrome browser baslatildi
2025-08-19 22:23:39.440 [main] INFO  sabah.com.utils.BrowserManager - Browser basariyla baslatildi: chrome
2025-08-19 22:23:39.441 [main] INFO  sabah.com.utils.BrowserManager - Ana sayfaya gidiliyor: https://www.sabah.com.tr/
2025-08-19 22:23:43.712 [main] INFO  sabah.com.utils.BrowserManager - Sayfa tamamen yüklendi
2025-08-19 22:23:43.712 [main] INFO  sabah.com.base.BaseTest - Sayfa yukleme kontrolu yapiliyor...
2025-08-19 22:23:43.723 [main] INFO  sabah.com.base.BaseTest - Sayfa basligi: Sabah - Haberler, Son Dakika Haber, Güncel ve Gazete Haberleri
2025-08-19 22:23:43.731 [main] INFO  sabah.com.base.BaseTest - Mevcut URL: https://www.sabah.com.tr/
2025-08-19 22:23:43.731 [main] INFO  sabah.com.base.BaseTest - Sayfa basariyla yuklendi
2025-08-19 22:23:43.731 [main] INFO  sabah.com.base.BaseTest - Test hazirliklari tamamlandi
2025-08-19 22:23:43.855 [main] INFO  sabah.com.base.BaseTest - Ana sayfa yukleme testi basliyor...
2025-08-19 22:23:43.861 [main] DEBUG sabah.com.base.BasePage - BasePage oluşturuldu: HomePage
2025-08-19 22:23:43.863 [main] DEBUG sabah.com.base.BasePage - BasePage oluşturuldu: HeaderComponent
2025-08-19 22:23:43.864 [main] INFO  sabah.com.base.BasePage - HeaderComponent oluşturuldu
2025-08-19 22:23:43.864 [main] INFO  sabah.com.base.BasePage - HomePage oluşturuldu
2025-08-19 22:23:43.864 [main] INFO  sabah.com.base.BasePage - Ana sayfa yükleme kontrolü başlıyor...
2025-08-19 22:23:43.864 [main] DEBUG sabah.com.base.BasePage - Ek bekleme süresi: 3000ms
2025-08-19 22:23:43.864 [main] DEBUG sabah.com.base.BasePage - Bekleniyor: 3000ms
2025-08-19 22:23:46.882 [main] DEBUG sabah.com.base.BasePage - Sayfa başlığı: Sabah - Haberler, Son Dakika Haber, Güncel ve Gazete Haberleri
2025-08-19 22:23:46.882 [main] INFO  sabah.com.base.BasePage - Sayfa başlığı: Sabah - Haberler, Son Dakika Haber, Güncel ve Gazete Haberleri
2025-08-19 22:23:46.891 [main] DEBUG sabah.com.base.BasePage - Mevcut URL: https://www.sabah.com.tr/
2025-08-19 22:23:46.891 [main] INFO  sabah.com.base.BasePage - Mevcut URL: https://www.sabah.com.tr/
2025-08-19 22:23:46.891 [main] DEBUG sabah.com.base.BasePage - Header yükleme kontrolü başlıyor...
2025-08-19 22:23:46.891 [main] DEBUG sabah.com.base.BasePage - Header yükleme kontrolü başlıyor...
2025-08-19 22:23:46.962 [main] INFO  sabah.com.base.BasePage - Header başarıyla yüklendi
2025-08-19 22:23:46.962 [main] DEBUG sabah.com.base.BasePage - Haber linkleri kontrol ediliyor...
2025-08-19 22:23:46.984 [main] DEBUG sabah.com.base.BasePage - Element sayısı: By.cssSelector: a[href*='/haber'], a[href*='/gundem'], a[href*='/ekonomi'] -> 82
2025-08-19 22:23:46.985 [main] INFO  sabah.com.base.BasePage - Bulunan haber link sayısı: 82
2025-08-19 22:23:46.985 [main] INFO  sabah.com.base.BasePage - Ana sayfa başarıyla yüklendi
2025-08-19 22:23:46.997 [main] DEBUG sabah.com.base.BasePage - Sayfa başlığı: Sabah - Haberler, Son Dakika Haber, Güncel ve Gazete Haberleri
2025-08-19 22:23:46.997 [main] INFO  sabah.com.base.BasePage - Beklenen başlık: Sabah, Gerçek başlık: Sabah - Haberler, Son Dakika Haber, Güncel ve Gazete Haberleri
2025-08-19 22:23:46.997 [main] INFO  sabah.com.base.BasePage - Başlık doğrulama sonucu: true
2025-08-19 22:23:47.224 [main] INFO  sabah.com.base.BaseTest - Ekran görüntüsü alındı: Ana Sayfa Yuklendi
2025-08-19 22:23:47.242 [main] INFO  sabah.com.base.BaseTest - ✓ Test BASARILI: testHomePageLoading
2025-08-19 22:23:47.242 [main] INFO  sabah.com.base.BaseTest - Test süresi: 3417 ms
2025-08-19 22:23:48.105 [main] INFO  sabah.com.utils.BrowserManager - Browser başarıyla kapatıldı
2025-08-19 22:23:48.105 [main] INFO  sabah.com.base.BaseTest - Browser kapatıldı
2025-08-19 22:23:48.105 [main] INFO  sabah.com.base.BaseTest - Test Class tamamlandı: HomePageTest
2025-08-19 22:23:48.120 [main] INFO  sabah.com.base.BaseTest - === Test Suite Tamamlandı ===
2025-08-19 22:28:36.803 [main] INFO  org.testng.internal.Utils - [TestNG] Running:
  C:\Users\kavci\AppData\Local\JetBrains\IdeaIC2025.1\temp-testng-customsuite.xml

2025-08-19 22:28:36.824 [main] INFO  sabah.com.base.BaseTest - === Test Suite Basliyor ===
2025-08-19 22:28:36.857 [main] INFO  sabah.com.config.ConfigReader - Konfigurasyon basariyla yuklendi: src/main/resources/config.properties
2025-08-19 22:28:36.874 [main] INFO  sabah.com.base.BaseTest - Test Ortami: production
2025-08-19 22:28:36.874 [main] INFO  sabah.com.base.BaseTest - Base URL: https://www.sabah.com.tr/
2025-08-19 22:28:36.874 [main] INFO  sabah.com.base.BaseTest - Browser: chrome
2025-08-19 22:28:36.874 [main] INFO  sabah.com.base.BaseTest - Headless: true
2025-08-19 22:28:36.891 [main] INFO  sabah.com.base.BaseTest - Test Class basliyor: HomePageTest
2025-08-19 22:28:36.908 [main] INFO  sabah.com.base.BaseTest - Test metodu basliyor...
2025-08-19 22:28:37.357 [main] INFO  i.g.bonigarcia.wdm.WebDriverManager - Using chromedriver 139.0.7258.68 (resolved driver for Chrome 139)
2025-08-19 22:28:37.390 [main] INFO  i.g.bonigarcia.wdm.WebDriverManager - Exporting webdriver.chrome.driver as C:\Users\kavci\.cache\selenium\chromedriver\win64\139.0.7258.68\chromedriver.exe
2025-08-19 22:28:39.070 [main] INFO  sabah.com.utils.BrowserManager - Chrome browser baslatildi
2025-08-19 22:28:39.084 [main] INFO  sabah.com.utils.BrowserManager - Browser basariyla baslatildi: chrome
2025-08-19 22:28:39.084 [main] INFO  sabah.com.utils.BrowserManager - Ana sayfaya gidiliyor: https://www.sabah.com.tr/
2025-08-19 22:28:43.086 [main] INFO  sabah.com.utils.BrowserManager - Sayfa tamamen yüklendi
2025-08-19 22:28:43.086 [main] INFO  sabah.com.base.BaseTest - Sayfa yukleme kontrolu yapiliyor...
2025-08-19 22:28:43.095 [main] INFO  sabah.com.base.BaseTest - Sayfa basligi: Sabah - Haberler, Son Dakika Haber, Güncel ve Gazete Haberleri
2025-08-19 22:28:43.104 [main] INFO  sabah.com.base.BaseTest - Mevcut URL: https://www.sabah.com.tr/
2025-08-19 22:28:43.105 [main] INFO  sabah.com.base.BaseTest - Sayfa basariyla yuklendi
2025-08-19 22:28:43.105 [main] INFO  sabah.com.base.BaseTest - Test hazirliklari tamamlandi
2025-08-19 22:28:43.215 [main] INFO  sabah.com.base.BaseTest - Header elementleri testi başlıyor...
2025-08-19 22:28:43.220 [main] DEBUG sabah.com.base.BasePage - BasePage oluşturuldu: HomePage
2025-08-19 22:28:43.222 [main] DEBUG sabah.com.base.BasePage - BasePage oluşturuldu: HeaderComponent
2025-08-19 22:28:43.223 [main] INFO  sabah.com.base.BasePage - HeaderComponent oluşturuldu
2025-08-19 22:28:43.223 [main] INFO  sabah.com.base.BasePage - HomePage oluşturuldu
2025-08-19 22:28:43.223 [main] DEBUG sabah.com.base.BasePage - Header yükleme kontrolü başlıyor...
2025-08-19 22:28:43.305 [main] INFO  sabah.com.base.BasePage - Header başarıyla yüklendi
2025-08-19 22:28:43.353 [main] DEBUG sabah.com.base.BasePage - Elemente tıklanıyor: By.cssSelector: .logo a[href='https://www.sabah.com.tr']
2025-08-19 22:28:45.555 [main] INFO  sabah.com.base.BasePage - Logo'ya tıklandı
2025-08-19 22:28:45.597 [main] DEBUG sabah.com.base.BasePage - Sayfa başlığı: Sabah - Haberler, Son Dakika Haber, Güncel ve Gazete Haberleri
2025-08-19 22:28:45.600 [main] INFO  sabah.com.base.BasePage - Beklenen başlık: SABAH, Gerçek başlık: Sabah - Haberler, Son Dakika Haber, Güncel ve Gazete Haberleri
2025-08-19 22:28:45.600 [main] INFO  sabah.com.base.BasePage - Başlık doğrulama sonucu: false
2025-08-19 22:28:45.668 [main] ERROR sabah.com.base.BaseTest - ✗ Test BASARISIZ: testHeaderElements
2025-08-19 22:28:45.668 [main] ERROR sabah.com.base.BaseTest - Hata: 
java.lang.AssertionError: Logo'ya tıklandığında ana sayfaya dönülemedi! expected [true] but found [false]
	at org.testng.Assert.fail(Assert.java:111)
	at org.testng.Assert.failNotEquals(Assert.java:1578)
	at org.testng.Assert.assertTrue(Assert.java:57)
	at sabah.com.tests.HomePageTest.testHeaderElements(HomePageTest.java:64)
	at java.base/jdk.internal.reflect.DirectMethodHandleAccessor.invoke(DirectMethodHandleAccessor.java:103)
	at java.base/java.lang.reflect.Method.invoke(Method.java:580)
	at org.testng.internal.invokers.MethodInvocationHelper.invokeMethod(MethodInvocationHelper.java:139)
	at org.testng.internal.invokers.TestInvoker.invokeMethod(TestInvoker.java:664)
	at org.testng.internal.invokers.TestInvoker.invokeTestMethod(TestInvoker.java:228)
	at org.testng.internal.invokers.MethodRunner.runInSequence(MethodRunner.java:63)
	at org.testng.internal.invokers.TestInvoker$MethodInvocationAgent.invoke(TestInvoker.java:961)
	at org.testng.internal.invokers.TestInvoker.invokeTestMethods(TestInvoker.java:201)
	at org.testng.internal.invokers.TestMethodWorker.invokeTestMethods(TestMethodWorker.java:148)
	at org.testng.internal.invokers.TestMethodWorker.run(TestMethodWorker.java:128)
	at java.base/java.util.ArrayList.forEach(ArrayList.java:1596)
	at org.testng.TestRunner.privateRun(TestRunner.java:819)
	at org.testng.TestRunner.run(TestRunner.java:619)
	at org.testng.SuiteRunner.runTest(SuiteRunner.java:443)
	at org.testng.SuiteRunner.runSequentially(SuiteRunner.java:437)
	at org.testng.SuiteRunner.privateRun(SuiteRunner.java:397)
	at org.testng.SuiteRunner.run(SuiteRunner.java:336)
	at org.testng.SuiteRunnerWorker.runSuite(SuiteRunnerWorker.java:52)
	at org.testng.SuiteRunnerWorker.run(SuiteRunnerWorker.java:95)
	at org.testng.TestNG.runSuitesSequentially(TestNG.java:1301)
	at org.testng.TestNG.runSuitesLocally(TestNG.java:1228)
	at org.testng.TestNG.runSuites(TestNG.java:1134)
	at org.testng.TestNG.run(TestNG.java:1101)
	at com.intellij.rt.testng.IDEARemoteTestNG.run(IDEARemoteTestNG.java:65)
	at com.intellij.rt.testng.RemoteTestNGStarter.main(RemoteTestNGStarter.java:105)
2025-08-19 22:28:45.947 [main] INFO  sabah.com.base.BaseTest - Hata ekran görüntüsü alındı: testHeaderElements
2025-08-19 22:28:46.108 [main] INFO  sabah.com.utils.BrowserManager - Ekran görüntüsü kaydedildi: target/screenshots\HATA_testHeaderElements_20250819_222845.png
2025-08-19 22:28:46.108 [main] INFO  sabah.com.base.BaseTest - Test süresi: 2441 ms
2025-08-19 22:28:46.970 [main] INFO  sabah.com.utils.BrowserManager - Browser başarıyla kapatıldı
2025-08-19 22:28:46.970 [main] INFO  sabah.com.base.BaseTest - Browser kapatıldı
2025-08-19 22:28:46.970 [main] INFO  sabah.com.base.BaseTest - Test Class tamamlandı: HomePageTest
2025-08-19 22:28:46.970 [main] INFO  sabah.com.base.BaseTest - === Test Suite Tamamlandı ===
2025-08-19 22:29:20.992 [main] INFO  org.testng.internal.Utils - [TestNG] Running:
  C:\Users\kavci\AppData\Local\JetBrains\IdeaIC2025.1\temp-testng-customsuite.xml

2025-08-19 22:29:21.026 [main] INFO  sabah.com.base.BaseTest - === Test Suite Basliyor ===
2025-08-19 22:29:21.058 [main] INFO  sabah.com.config.ConfigReader - Konfigurasyon basariyla yuklendi: src/main/resources/config.properties
2025-08-19 22:29:21.058 [main] INFO  sabah.com.base.BaseTest - Test Ortami: production
2025-08-19 22:29:21.058 [main] INFO  sabah.com.base.BaseTest - Base URL: https://www.sabah.com.tr/
2025-08-19 22:29:21.058 [main] INFO  sabah.com.base.BaseTest - Browser: chrome
2025-08-19 22:29:21.058 [main] INFO  sabah.com.base.BaseTest - Headless: true
2025-08-19 22:29:21.093 [main] INFO  sabah.com.base.BaseTest - Test Class basliyor: HomePageTest
2025-08-19 22:29:21.109 [main] INFO  sabah.com.base.BaseTest - Test metodu basliyor...
2025-08-19 22:29:21.525 [main] INFO  i.g.bonigarcia.wdm.WebDriverManager - Using chromedriver 139.0.7258.68 (resolved driver for Chrome 139)
2025-08-19 22:29:21.558 [main] INFO  i.g.bonigarcia.wdm.WebDriverManager - Exporting webdriver.chrome.driver as C:\Users\kavci\.cache\selenium\chromedriver\win64\139.0.7258.68\chromedriver.exe
2025-08-19 22:29:23.224 [main] INFO  sabah.com.utils.BrowserManager - Chrome browser baslatildi
2025-08-19 22:29:23.242 [main] INFO  sabah.com.utils.BrowserManager - Browser basariyla baslatildi: chrome
2025-08-19 22:29:23.242 [main] INFO  sabah.com.utils.BrowserManager - Ana sayfaya gidiliyor: https://www.sabah.com.tr/
2025-08-19 22:29:27.178 [main] INFO  sabah.com.utils.BrowserManager - Sayfa tamamen yüklendi
2025-08-19 22:29:27.178 [main] INFO  sabah.com.base.BaseTest - Sayfa yukleme kontrolu yapiliyor...
2025-08-19 22:29:27.185 [main] INFO  sabah.com.base.BaseTest - Sayfa basligi: Sabah - Haberler, Son Dakika Haber, Güncel ve Gazete Haberleri
2025-08-19 22:29:27.194 [main] INFO  sabah.com.base.BaseTest - Mevcut URL: https://www.sabah.com.tr/
2025-08-19 22:29:27.195 [main] INFO  sabah.com.base.BaseTest - Sayfa basariyla yuklendi
2025-08-19 22:29:27.195 [main] INFO  sabah.com.base.BaseTest - Test hazirliklari tamamlandi
2025-08-19 22:29:27.313 [main] INFO  sabah.com.base.BaseTest - Header elementleri testi başlıyor...
2025-08-19 22:29:27.317 [main] DEBUG sabah.com.base.BasePage - BasePage oluşturuldu: HomePage
2025-08-19 22:29:27.318 [main] DEBUG sabah.com.base.BasePage - BasePage oluşturuldu: HeaderComponent
2025-08-19 22:29:27.319 [main] INFO  sabah.com.base.BasePage - HeaderComponent oluşturuldu
2025-08-19 22:29:27.319 [main] INFO  sabah.com.base.BasePage - HomePage oluşturuldu
2025-08-19 22:29:27.319 [main] DEBUG sabah.com.base.BasePage - Header yükleme kontrolü başlıyor...
2025-08-19 22:29:27.387 [main] INFO  sabah.com.base.BasePage - Header başarıyla yüklendi
2025-08-19 22:29:27.438 [main] DEBUG sabah.com.base.BasePage - Elemente tıklanıyor: By.cssSelector: .logo a[href='https://www.sabah.com.tr']
2025-08-19 22:29:29.894 [main] INFO  sabah.com.base.BasePage - Logo'ya tıklandı
2025-08-19 22:29:29.932 [main] DEBUG sabah.com.base.BasePage - Sayfa başlığı: Sabah - Haberler, Son Dakika Haber, Güncel ve Gazete Haberleri
2025-08-19 22:29:29.932 [main] INFO  sabah.com.base.BasePage - Beklenen başlık: Sabah, Gerçek başlık: Sabah - Haberler, Son Dakika Haber, Güncel ve Gazete Haberleri
2025-08-19 22:29:29.932 [main] INFO  sabah.com.base.BasePage - Başlık doğrulama sonucu: true
2025-08-19 22:29:29.967 [main] INFO  sabah.com.base.BaseTest - ✓ Test BASARILI: testHeaderElements
2025-08-19 22:29:29.967 [main] INFO  sabah.com.base.BaseTest - Test süresi: 2670 ms
2025-08-19 22:29:30.857 [main] INFO  sabah.com.utils.BrowserManager - Browser başarıyla kapatıldı
2025-08-19 22:29:30.857 [main] INFO  sabah.com.base.BaseTest - Browser kapatıldı
2025-08-19 22:29:30.857 [main] INFO  sabah.com.base.BaseTest - Test Class tamamlandı: HomePageTest
2025-08-19 22:29:30.857 [main] INFO  sabah.com.base.BaseTest - === Test Suite Tamamlandı ===
2025-08-19 22:29:43.777 [main] INFO  org.testng.internal.Utils - [TestNG] Running:
  C:\Users\kavci\AppData\Local\JetBrains\IdeaIC2025.1\temp-testng-customsuite.xml

2025-08-19 22:29:43.801 [main] INFO  sabah.com.base.BaseTest - === Test Suite Basliyor ===
2025-08-19 22:29:43.835 [main] INFO  sabah.com.config.ConfigReader - Konfigurasyon basariyla yuklendi: src/main/resources/config.properties
2025-08-19 22:29:43.835 [main] INFO  sabah.com.base.BaseTest - Test Ortami: production
2025-08-19 22:29:43.835 [main] INFO  sabah.com.base.BaseTest - Base URL: https://www.sabah.com.tr/
2025-08-19 22:29:43.835 [main] INFO  sabah.com.base.BaseTest - Browser: chrome
2025-08-19 22:29:43.835 [main] INFO  sabah.com.base.BaseTest - Headless: true
2025-08-19 22:29:43.869 [main] INFO  sabah.com.base.BaseTest - Test Class basliyor: HomePageTest
2025-08-19 22:29:43.885 [main] INFO  sabah.com.base.BaseTest - Test metodu basliyor...
2025-08-19 22:29:44.351 [main] INFO  i.g.bonigarcia.wdm.WebDriverManager - Using chromedriver 139.0.7258.68 (resolved driver for Chrome 139)
2025-08-19 22:29:44.384 [main] INFO  i.g.bonigarcia.wdm.WebDriverManager - Exporting webdriver.chrome.driver as C:\Users\kavci\.cache\selenium\chromedriver\win64\139.0.7258.68\chromedriver.exe
2025-08-19 22:29:46.081 [main] INFO  sabah.com.utils.BrowserManager - Chrome browser baslatildi
2025-08-19 22:29:46.097 [main] INFO  sabah.com.utils.BrowserManager - Browser basariyla baslatildi: chrome
2025-08-19 22:29:46.097 [main] INFO  sabah.com.utils.BrowserManager - Ana sayfaya gidiliyor: https://www.sabah.com.tr/
2025-08-19 22:29:50.269 [main] INFO  sabah.com.utils.BrowserManager - Sayfa tamamen yüklendi
2025-08-19 22:29:50.270 [main] INFO  sabah.com.base.BaseTest - Sayfa yukleme kontrolu yapiliyor...
2025-08-19 22:29:50.282 [main] INFO  sabah.com.base.BaseTest - Sayfa basligi: Sabah - Haberler, Son Dakika Haber, Güncel ve Gazete Haberleri
2025-08-19 22:29:50.293 [main] INFO  sabah.com.base.BaseTest - Mevcut URL: https://www.sabah.com.tr/
2025-08-19 22:29:50.293 [main] INFO  sabah.com.base.BaseTest - Sayfa basariyla yuklendi
2025-08-19 22:29:50.293 [main] INFO  sabah.com.base.BaseTest - Test hazirliklari tamamlandi
2025-08-19 22:29:50.405 [main] INFO  sabah.com.base.BaseTest - Hamburger menü toggle testi başlıyor...
2025-08-19 22:29:50.411 [main] DEBUG sabah.com.base.BasePage - BasePage oluşturuldu: HomePage
2025-08-19 22:29:50.413 [main] DEBUG sabah.com.base.BasePage - BasePage oluşturuldu: HeaderComponent
2025-08-19 22:29:50.414 [main] INFO  sabah.com.base.BasePage - HeaderComponent oluşturuldu
2025-08-19 22:29:50.414 [main] INFO  sabah.com.base.BasePage - HomePage oluşturuldu
2025-08-19 22:32:50.429 [main] DEBUG sabah.com.base.BasePage - Element görünürlük kontrolü başarısız: java.util.concurrent.TimeoutException
Build info: version: '4.18.1', revision: 'b1d3319b48'
System info: os.name: 'Windows 10', os.arch: 'amd64', os.version: '10.0', java.version: '21'
Driver info: org.openqa.selenium.chrome.ChromeDriver
Command: [2e60a58480f16f93c5082908b2e8e03f, findElement {value=.mobile-menu, .navobile, using=css selector}]
Capabilities {acceptInsecureCerts: false, browserName: chrome, browserVersion: 139.0.7258.128, chrome: {chromedriverVersion: 139.0.7258.68 (40ff94600b6e..., userDataDir: C:\Users\kavci\AppData\Loca...}, fedcm:accounts: true, goog:chromeOptions: {debuggerAddress: localhost:54123}, networkConnectionEnabled: false, pageLoadStrategy: normal, platformName: windows, proxy: Proxy(), se:cdp: ws://localhost:54123/devtoo..., se:cdpVersion: 139.0.7258.128, setWindowRect: true, strictFileInteractability: false, timeouts: {implicit: 0, pageLoad: 300000, script: 30000}, unhandledPromptBehavior: dismiss and notify, webauthn:extension:credBlob: true, webauthn:extension:largeBlob: true, webauthn:extension:minPinLength: true, webauthn:extension:prf: true, webauthn:virtualAuthenticators: true}
Session ID: 2e60a58480f16f93c5082908b2e8e03f
2025-08-19 22:35:50.439 [main] DEBUG sabah.com.base.BasePage - Element görünürlük kontrolü başarısız: java.util.concurrent.TimeoutException
Build info: version: '4.18.1', revision: 'b1d3319b48'
System info: os.name: 'Windows 10', os.arch: 'amd64', os.version: '10.0', java.version: '21'
Driver info: org.openqa.selenium.chrome.ChromeDriver
Command: [2e60a58480f16f93c5082908b2e8e03f, findElement {value=.mobile-menu, .navobile, using=css selector}]
Capabilities {acceptInsecureCerts: false, browserName: chrome, browserVersion: 139.0.7258.128, chrome: {chromedriverVersion: 139.0.7258.68 (40ff94600b6e..., userDataDir: C:\Users\kavci\AppData\Loca...}, fedcm:accounts: true, goog:chromeOptions: {debuggerAddress: localhost:54123}, networkConnectionEnabled: false, pageLoadStrategy: normal, platformName: windows, proxy: Proxy(), se:cdp: ws://localhost:54123/devtoo..., se:cdpVersion: 139.0.7258.128, setWindowRect: true, strictFileInteractability: false, timeouts: {implicit: 0, pageLoad: 300000, script: 30000}, unhandledPromptBehavior: dismiss and notify, webauthn:extension:credBlob: true, webauthn:extension:largeBlob: true, webauthn:extension:minPinLength: true, webauthn:extension:prf: true, webauthn:virtualAuthenticators: true}
Session ID: 2e60a58480f16f93c5082908b2e8e03f
2025-08-19 22:35:50.439 [main] DEBUG sabah.com.base.BasePage - Elemente tıklanıyor: By.cssSelector: button.show-navobile
2025-08-19 22:38:50.450 [main] ERROR sabah.com.base.BasePage - Hamburger menü açma hatası: java.util.concurrent.TimeoutException
Build info: version: '4.18.1', revision: 'b1d3319b48'
System info: os.name: 'Windows 10', os.arch: 'amd64', os.version: '10.0', java.version: '21'
Driver info: org.openqa.selenium.chrome.ChromeDriver
Command: [2e60a58480f16f93c5082908b2e8e03f, findElement {value=button.show-navobile, using=css selector}]
Capabilities {acceptInsecureCerts: false, browserName: chrome, browserVersion: 139.0.7258.128, chrome: {chromedriverVersion: 139.0.7258.68 (40ff94600b6e..., userDataDir: C:\Users\kavci\AppData\Loca...}, fedcm:accounts: true, goog:chromeOptions: {debuggerAddress: localhost:54123}, networkConnectionEnabled: false, pageLoadStrategy: normal, platformName: windows, proxy: Proxy(), se:cdp: ws://localhost:54123/devtoo..., se:cdpVersion: 139.0.7258.128, setWindowRect: true, strictFileInteractability: false, timeouts: {implicit: 0, pageLoad: 300000, script: 30000}, unhandledPromptBehavior: dismiss and notify, webauthn:extension:credBlob: true, webauthn:extension:largeBlob: true, webauthn:extension:minPinLength: true, webauthn:extension:prf: true, webauthn:virtualAuthenticators: true}
Session ID: 2e60a58480f16f93c5082908b2e8e03f
2025-08-19 22:47:09.753 [main] INFO  org.testng.internal.Utils - [TestNG] Running:
  C:\Users\kavci\AppData\Local\JetBrains\IdeaIC2025.1\temp-testng-customsuite.xml

2025-08-19 22:47:09.808 [main] INFO  sabah.com.base.BaseTest - === Test Suite Basliyor ===
2025-08-19 22:47:09.890 [main] INFO  sabah.com.config.ConfigReader - Konfigurasyon basariyla yuklendi: src/main/resources/config.properties
2025-08-19 22:47:09.900 [main] INFO  sabah.com.base.BaseTest - Test Ortami: production
2025-08-19 22:47:09.901 [main] INFO  sabah.com.base.BaseTest - Base URL: https://www.sabah.com.tr/
2025-08-19 22:47:09.901 [main] INFO  sabah.com.base.BaseTest - Browser: chrome
2025-08-19 22:47:09.903 [main] INFO  sabah.com.base.BaseTest - Headless: true
2025-08-19 22:47:09.952 [main] INFO  sabah.com.base.BaseTest - Test Class basliyor: HomePageTest
2025-08-19 22:47:09.979 [main] INFO  sabah.com.base.BaseTest - Test metodu basliyor...
2025-08-19 22:47:10.487 [main] INFO  i.g.bonigarcia.wdm.WebDriverManager - Using chromedriver 139.0.7258.68 (resolved driver for Chrome 139)
2025-08-19 22:47:10.520 [main] INFO  i.g.bonigarcia.wdm.WebDriverManager - Exporting webdriver.chrome.driver as C:\Users\kavci\.cache\selenium\chromedriver\win64\139.0.7258.68\chromedriver.exe
2025-08-19 22:47:12.371 [main] INFO  sabah.com.utils.BrowserManager - Chrome browser baslatildi
2025-08-19 22:47:12.390 [main] INFO  sabah.com.utils.BrowserManager - Browser basariyla baslatildi: chrome
2025-08-19 22:47:12.390 [main] INFO  sabah.com.utils.BrowserManager - Ana sayfaya gidiliyor: https://www.sabah.com.tr/
2025-08-19 22:47:16.487 [main] INFO  sabah.com.utils.BrowserManager - Sayfa tamamen yüklendi
2025-08-19 22:47:16.487 [main] INFO  sabah.com.base.BaseTest - Sayfa yukleme kontrolu yapiliyor...
2025-08-19 22:47:16.503 [main] INFO  sabah.com.base.BaseTest - Sayfa basligi: Sabah - Haberler, Son Dakika Haber, Güncel ve Gazete Haberleri
2025-08-19 22:47:16.511 [main] INFO  sabah.com.base.BaseTest - Mevcut URL: https://www.sabah.com.tr/
2025-08-19 22:47:16.511 [main] INFO  sabah.com.base.BaseTest - Sayfa basariyla yuklendi
2025-08-19 22:47:16.511 [main] INFO  sabah.com.base.BaseTest - Test hazirliklari tamamlandi
2025-08-19 22:47:16.647 [main] INFO  sabah.com.base.BaseTest - Hamburger menü toggle testi başlıyor...
2025-08-19 22:47:16.651 [main] DEBUG sabah.com.base.BasePage - BasePage oluşturuldu: HomePage
2025-08-19 22:47:16.653 [main] DEBUG sabah.com.base.BasePage - BasePage oluşturuldu: HeaderComponent
2025-08-19 22:47:16.654 [main] INFO  sabah.com.base.BasePage - HeaderComponent oluşturuldu
2025-08-19 22:47:16.654 [main] INFO  sabah.com.base.BasePage - HomePage oluşturuldu
2025-08-19 22:47:16.688 [main] DEBUG sabah.com.base.BasePage - Hamburger menü durumu: Kapalı
2025-08-19 22:47:16.722 [main] DEBUG sabah.com.base.BasePage - Hamburger menü durumu: Kapalı
2025-08-19 22:47:16.722 [main] DEBUG sabah.com.base.BasePage - Elemente tıklanıyor: By.cssSelector: span.sidebar i.fa-bars
2025-08-19 22:57:41.421 [main] INFO  org.testng.internal.Utils - [TestNG] Running:
  C:\Users\kavci\AppData\Local\JetBrains\IdeaIC2025.1\temp-testng-customsuite.xml

2025-08-19 22:57:41.462 [main] INFO  sabah.com.base.BaseTest - === Test Suite Basliyor ===
2025-08-19 22:57:41.503 [main] INFO  sabah.com.config.ConfigReader - Konfigurasyon basariyla yuklendi: src/main/resources/config.properties
2025-08-19 22:57:41.511 [main] INFO  sabah.com.base.BaseTest - Test Ortami: production
2025-08-19 22:57:41.511 [main] INFO  sabah.com.base.BaseTest - Base URL: https://www.sabah.com.tr/
2025-08-19 22:57:41.511 [main] INFO  sabah.com.base.BaseTest - Browser: chrome
2025-08-19 22:57:41.513 [main] INFO  sabah.com.base.BaseTest - Headless: true
2025-08-19 22:57:41.543 [main] INFO  sabah.com.base.BaseTest - Test Class basliyor: HomePageTest
2025-08-19 22:57:41.557 [main] INFO  sabah.com.base.BaseTest - Test metodu basliyor...
2025-08-19 22:57:42.049 [main] INFO  i.g.bonigarcia.wdm.WebDriverManager - Using chromedriver 139.0.7258.68 (resolved driver for Chrome 139)
2025-08-19 22:57:42.097 [main] INFO  i.g.bonigarcia.wdm.WebDriverManager - Exporting webdriver.chrome.driver as C:\Users\kavci\.cache\selenium\chromedriver\win64\139.0.7258.68\chromedriver.exe
2025-08-19 22:57:44.502 [main] INFO  sabah.com.utils.BrowserManager - Chrome browser baslatildi
2025-08-19 22:57:44.525 [main] INFO  sabah.com.utils.BrowserManager - Browser basariyla baslatildi: chrome
2025-08-19 22:57:44.525 [main] INFO  sabah.com.utils.BrowserManager - Ana sayfaya gidiliyor: https://www.sabah.com.tr/
2025-08-19 22:57:49.065 [main] INFO  sabah.com.utils.BrowserManager - Sayfa tamamen yüklendi
2025-08-19 22:57:49.065 [main] INFO  sabah.com.base.BaseTest - Sayfa yukleme kontrolu yapiliyor...
2025-08-19 22:57:49.078 [main] INFO  sabah.com.base.BaseTest - Sayfa basligi: Sabah - Haberler, Son Dakika Haber, Güncel ve Gazete Haberleri
2025-08-19 22:57:49.089 [main] INFO  sabah.com.base.BaseTest - Mevcut URL: https://www.sabah.com.tr/
2025-08-19 22:57:49.089 [main] INFO  sabah.com.base.BaseTest - Sayfa basariyla yuklendi
2025-08-19 22:57:49.089 [main] INFO  sabah.com.base.BaseTest - Test hazirliklari tamamlandi
2025-08-19 22:57:49.211 [main] INFO  sabah.com.base.BaseTest - Hamburger menü toggle testi başlıyor...
2025-08-19 22:57:49.215 [main] DEBUG sabah.com.base.BasePage - BasePage oluşturuldu: HomePage
2025-08-19 22:57:49.217 [main] DEBUG sabah.com.base.BasePage - BasePage oluşturuldu: HeaderComponent
2025-08-19 22:57:49.217 [main] INFO  sabah.com.base.BasePage - HeaderComponent oluşturuldu
2025-08-19 22:57:49.217 [main] INFO  sabah.com.base.BasePage - HomePage oluşturuldu
2025-08-19 22:57:49.249 [main] DEBUG sabah.com.base.BasePage - Hamburger menü durumu: Kapalı
2025-08-19 22:57:49.277 [main] DEBUG sabah.com.base.BasePage - Hamburger menü durumu: Kapalı
2025-08-19 22:57:49.321 [main] INFO  sabah.com.base.BasePage - Hamburger menü açıldı (JavaScript ile)
2025-08-19 22:57:49.322 [main] DEBUG sabah.com.base.BasePage - Bekleniyor: 1000ms
2025-08-19 22:57:50.328 [main] DEBUG sabah.com.base.BasePage - Bekleniyor: 3000ms
2025-08-19 22:57:53.359 [main] DEBUG sabah.com.base.BasePage - Hamburger menü durumu: Kapalı
2025-08-19 22:57:53.399 [main] ERROR sabah.com.base.BaseTest - ✗ Test BASARISIZ: testHamburgerMenuToggle
2025-08-19 22:57:53.399 [main] ERROR sabah.com.base.BaseTest - Hata: 
java.lang.AssertionError: Hamburger menü açılamadı! expected [true] but found [false]
	at org.testng.Assert.fail(Assert.java:111)
	at org.testng.Assert.failNotEquals(Assert.java:1578)
	at org.testng.Assert.assertTrue(Assert.java:57)
	at sabah.com.tests.HomePageTest.testHamburgerMenuToggle(HomePageTest.java:90)
	at java.base/jdk.internal.reflect.DirectMethodHandleAccessor.invoke(DirectMethodHandleAccessor.java:103)
	at java.base/java.lang.reflect.Method.invoke(Method.java:580)
	at org.testng.internal.invokers.MethodInvocationHelper.invokeMethod(MethodInvocationHelper.java:139)
	at org.testng.internal.invokers.TestInvoker.invokeMethod(TestInvoker.java:664)
	at org.testng.internal.invokers.TestInvoker.invokeTestMethod(TestInvoker.java:228)
	at org.testng.internal.invokers.MethodRunner.runInSequence(MethodRunner.java:63)
	at org.testng.internal.invokers.TestInvoker$MethodInvocationAgent.invoke(TestInvoker.java:961)
	at org.testng.internal.invokers.TestInvoker.invokeTestMethods(TestInvoker.java:201)
	at org.testng.internal.invokers.TestMethodWorker.invokeTestMethods(TestMethodWorker.java:148)
	at org.testng.internal.invokers.TestMethodWorker.run(TestMethodWorker.java:128)
	at java.base/java.util.ArrayList.forEach(ArrayList.java:1596)
	at org.testng.TestRunner.privateRun(TestRunner.java:819)
	at org.testng.TestRunner.run(TestRunner.java:619)
	at org.testng.SuiteRunner.runTest(SuiteRunner.java:443)
	at org.testng.SuiteRunner.runSequentially(SuiteRunner.java:437)
	at org.testng.SuiteRunner.privateRun(SuiteRunner.java:397)
	at org.testng.SuiteRunner.run(SuiteRunner.java:336)
	at org.testng.SuiteRunnerWorker.runSuite(SuiteRunnerWorker.java:52)
	at org.testng.SuiteRunnerWorker.run(SuiteRunnerWorker.java:95)
	at org.testng.TestNG.runSuitesSequentially(TestNG.java:1301)
	at org.testng.TestNG.runSuitesLocally(TestNG.java:1228)
	at org.testng.TestNG.runSuites(TestNG.java:1134)
	at org.testng.TestNG.run(TestNG.java:1101)
	at com.intellij.rt.testng.IDEARemoteTestNG.run(IDEARemoteTestNG.java:65)
	at com.intellij.rt.testng.RemoteTestNGStarter.main(RemoteTestNGStarter.java:105)
2025-08-19 22:57:53.580 [main] INFO  sabah.com.base.BaseTest - Hata ekran görüntüsü alındı: testHamburgerMenuToggle
2025-08-19 22:57:53.757 [main] INFO  sabah.com.utils.BrowserManager - Ekran görüntüsü kaydedildi: target/screenshots\HATA_testHamburgerMenuToggle_20250819_225753.png
2025-08-19 22:57:53.758 [main] INFO  sabah.com.base.BaseTest - Test süresi: 4199 ms
2025-08-19 22:57:54.652 [main] INFO  sabah.com.utils.BrowserManager - Browser başarıyla kapatıldı
2025-08-19 22:57:54.652 [main] INFO  sabah.com.base.BaseTest - Browser kapatıldı
2025-08-19 22:57:54.658 [main] INFO  sabah.com.base.BaseTest - Test Class tamamlandı: HomePageTest
2025-08-19 22:57:54.669 [main] INFO  sabah.com.base.BaseTest - === Test Suite Tamamlandı ===
